Performing C SOURCE FILE Test CMAKE_HAVE_LIBC_PTHREAD failed with the following output:
Change Dir: /home/hori/openpose/build/caffe/src/openpose_lib-build/CMakeFiles/CMakeTmp

Run Build Command(s):/usr/bin/make cmTC_ac829/fast && make[3]: ディレクトリ '/home/hori/openpose/build/caffe/src/openpose_lib-build/CMakeFiles/CMakeTmp' に入ります
/usr/bin/make  -f CMakeFiles/cmTC_ac829.dir/build.make CMakeFiles/cmTC_ac829.dir/build
make[4]: ディレクトリ '/home/hori/openpose/build/caffe/src/openpose_lib-build/CMakeFiles/CMakeTmp' に入ります
Building C object CMakeFiles/cmTC_ac829.dir/src.c.o
/usr/bin/cc   -DCMAKE_HAVE_LIBC_PTHREAD   -o CMakeFiles/cmTC_ac829.dir/src.c.o   -c /home/hori/openpose/build/caffe/src/openpose_lib-build/CMakeFiles/CMakeTmp/src.c
Linking C executable cmTC_ac829
/usr/local/bin/cmake -E cmake_link_script CMakeFiles/cmTC_ac829.dir/link.txt --verbose=1
/usr/bin/cc  -DCMAKE_HAVE_LIBC_PTHREAD    -rdynamic CMakeFiles/cmTC_ac829.dir/src.c.o  -o cmTC_ac829 
CMakeFiles/cmTC_ac829.dir/src.c.o: 関数 `main' 内:
src.c:(.text+0x3e): `pthread_create' に対する定義されていない参照です
src.c:(.text+0x4a): `pthread_detach' に対する定義されていない参照です
src.c:(.text+0x56): `pthread_cancel' に対する定義されていない参照です
src.c:(.text+0x67): `pthread_join' に対する定義されていない参照です
src.c:(.text+0x7b): `pthread_atfork' に対する定義されていない参照です
collect2: error: ld returned 1 exit status
CMakeFiles/cmTC_ac829.dir/build.make:106: recipe for target 'cmTC_ac829' failed
make[4]: *** [cmTC_ac829] Error 1
make[4]: ディレクトリ '/home/hori/openpose/build/caffe/src/openpose_lib-build/CMakeFiles/CMakeTmp' から出ます
Makefile:141: recipe for target 'cmTC_ac829/fast' failed
make[3]: *** [cmTC_ac829/fast] Error 2
make[3]: ディレクトリ '/home/hori/openpose/build/caffe/src/openpose_lib-build/CMakeFiles/CMakeTmp' から出ます


Source file was:
#include <pthread.h>

void* test_func(void* data)
{
  return data;
}

int main(void)
{
  pthread_t thread;
  pthread_create(&thread, NULL, test_func, NULL);
  pthread_detach(thread);
  pthread_cancel(thread);
  pthread_join(thread, NULL);
  pthread_atfork(NULL, NULL, NULL);
  pthread_exit(NULL);

  return 0;
}

Determining if the function pthread_create exists in the pthreads failed with the following output:
Change Dir: /home/hori/openpose/build/caffe/src/openpose_lib-build/CMakeFiles/CMakeTmp

Run Build Command(s):/usr/bin/make cmTC_cfb75/fast && make[3]: ディレクトリ '/home/hori/openpose/build/caffe/src/openpose_lib-build/CMakeFiles/CMakeTmp' に入ります
/usr/bin/make  -f CMakeFiles/cmTC_cfb75.dir/build.make CMakeFiles/cmTC_cfb75.dir/build
make[4]: ディレクトリ '/home/hori/openpose/build/caffe/src/openpose_lib-build/CMakeFiles/CMakeTmp' に入ります
Building C object CMakeFiles/cmTC_cfb75.dir/CheckFunctionExists.c.o
/usr/bin/cc   -DCHECK_FUNCTION_EXISTS=pthread_create   -o CMakeFiles/cmTC_cfb75.dir/CheckFunctionExists.c.o   -c /usr/local/share/cmake-3.17/Modules/CheckFunctionExists.c
Linking C executable cmTC_cfb75
/usr/local/bin/cmake -E cmake_link_script CMakeFiles/cmTC_cfb75.dir/link.txt --verbose=1
/usr/bin/cc  -DCHECK_FUNCTION_EXISTS=pthread_create    -rdynamic CMakeFiles/cmTC_cfb75.dir/CheckFunctionExists.c.o  -o cmTC_cfb75  -lpthreads 
/usr/bin/ld: -lpthreads が見つかりません
collect2: error: ld returned 1 exit status
CMakeFiles/cmTC_cfb75.dir/build.make:106: recipe for target 'cmTC_cfb75' failed
make[4]: *** [cmTC_cfb75] Error 1
make[4]: ディレクトリ '/home/hori/openpose/build/caffe/src/openpose_lib-build/CMakeFiles/CMakeTmp' から出ます
Makefile:141: recipe for target 'cmTC_cfb75/fast' failed
make[3]: *** [cmTC_cfb75/fast] Error 2
make[3]: ディレクトリ '/home/hori/openpose/build/caffe/src/openpose_lib-build/CMakeFiles/CMakeTmp' から出ます



